2025-12-19 19:51:14,150 - INFO - Save log to ./logs/training/clip_2025-12-19-19-51-14
2025-12-19 19:51:14,151 - INFO - --------------- Configuration ---------------
2025-12-19 19:51:14,151 - INFO - Parameters: 
log_dir: ./logs/training/
pretrained: /data/home/zhiyuanyan/DeepfakeBench/training/pretrained/xception-b5690688.pth
model_name: clip
backbone_name: vit
backbone_config: {'mode': 'original', 'num_classes': 2, 'inc': 3, 'dropout': False}
all_dataset: ['FaceForensics++', 'FF-F2F', 'FF-DF', 'FF-FS', 'FF-NT', 'FaceShifter', 'DeepFakeDetection', 'Celeb-DF-v1', 'Celeb-DF-v2', 'DFDCP', 'DFDC', 'DeeperForensics-1.0', 'UADFV']
train_dataset: ['FaceForensics++']
test_dataset: ['FaceForensics++', 'DeepFakeDetection']
compression: c23
train_batchSize: 32
test_batchSize: 64
workers: 0
frame_num: {'train': 32, 'test': 32}
resolution: 224
with_mask: False
with_landmark: False
use_data_augmentation: True
data_aug: {'flip_prob': 0.5, 'rotate_prob': 0.5, 'rotate_limit': [-10, 10], 'blur_prob': 0.5, 'blur_limit': [3, 7], 'brightness_prob': 0.5, 'brightness_limit': [-0.1, 0.1], 'contrast_limit': [-0.1, 0.1], 'quality_lower': 40, 'quality_upper': 100}
mean: [0.5, 0.5, 0.5]
std: [0.5, 0.5, 0.5]
optimizer: {'type': 'adam', 'adam': {'lr': 0.0002, 'beta1': 0.9, 'beta2': 0.999, 'eps': 1e-08, 'weight_decay': 0.0005, 'amsgrad': False}, 'sgd': {'lr': 0.0002, 'momentum': 0.9, 'weight_decay': 0.0005}}
lr_scheduler: None
nEpochs: 10
start_epoch: 0
save_epoch: 1
rec_iter: 100
logdir: ./logs
manualSeed: 1024
save_ckpt: True
save_feat: False
loss_func: cross_entropy
losstype: None
metric_scoring: auc
cuda: True
cudnn: True
mode: train
lmdb: True
dry_run: False
rgb_dir: ./datasets/rgb
lmdb_dir: ./datasets/lmdb
dataset_json_folder: preprocessing/dataset_json
SWA: False
save_avg: True
label_dict: {'DFD_fake': 1, 'DFD_real': 0, 'FF-SH': 1, 'FF-F2F': 1, 'FF-DF': 1, 'FF-FS': 1, 'FF-NT': 1, 'FF-FH': 1, 'FF-real': 0, 'CelebDFv1_real': 0, 'CelebDFv1_fake': 1, 'CelebDFv2_real': 0, 'CelebDFv2_fake': 1, 'DFDCP_Real': 0, 'DFDCP_FakeA': 1, 'DFDCP_FakeB': 1, 'DFDC_Fake': 1, 'DFDC_Real': 0, 'DF_fake': 1, 'DF_real': 0, 'UADFV_Fake': 1, 'UADFV_Real': 0, 'roop_Real': 0, 'roop_Fake': 1, 'times_per_epoch': 1}
local_rank: 0
ddp: False

2025-12-19 19:51:22,595 - INFO - ===> Epoch[0] start!
2025-12-19 19:51:22,618 - INFO - data_dict saved to ./logs/training/clip_2025-12-19-19-51-14\train\FaceForensics++\data_dict_train.pickle
2025-12-19 19:51:26,750 - INFO - Iter: 0    training-loss, overall: 0.7095145583152771    
2025-12-19 19:51:26,757 - INFO - Iter: 0    training-metric, acc: 0.5625    training-metric, auc: 0.475    training-metric, eer: 0.5833333333333334    training-metric, ap: 0.611619740141971    
