2025-12-04 21:12:26,719 - INFO - Save log to ./logs/training/xception_2025-12-04-21-12-26
2025-12-04 21:12:26,720 - INFO - --------------- Configuration ---------------
2025-12-04 21:12:26,720 - INFO - Parameters: 
log_dir: ./logs/training/
pretrained: ./training/pretrained/xception-b5690688.pth
model_name: xception
backbone_name: xception
backbone_config: {'mode': 'original', 'num_classes': 2, 'inc': 3, 'dropout': False}
all_dataset: ['FaceForensics++', 'FF-F2F', 'FF-DF', 'FF-FS', 'FF-NT', 'FaceShifter', 'DeepFakeDetection', 'Celeb-DF-v1', 'Celeb-DF-v2', 'DFDCP', 'DFDC', 'DeeperForensics-1.0', 'UADFV']
train_dataset: ['FaceForensics++']
test_dataset: ['FaceForensics++', 'DeepFakeDetection']
compression: c23
train_batchSize: 64
test_batchSize: 8
workers: 0
frame_num: {'train': 32, 'test': 8}
resolution: 256
with_mask: False
with_landmark: False
use_data_augmentation: True
data_aug: {'flip_prob': 0.5, 'rotate_prob': 0.0, 'rotate_limit': [-10, 10], 'blur_prob': 0.5, 'blur_limit': [3, 7], 'brightness_prob': 0.5, 'brightness_limit': [-0.1, 0.1], 'contrast_limit': [-0.1, 0.1], 'quality_lower': 40, 'quality_upper': 100}
mean: [0.5, 0.5, 0.5]
std: [0.5, 0.5, 0.5]
optimizer: {'type': 'adam', 'adam': {'lr': 0.0002, 'beta1': 0.9, 'beta2': 0.999, 'eps': 1e-08, 'weight_decay': 0.0005, 'amsgrad': False}, 'sgd': {'lr': 0.0002, 'momentum': 0.9, 'weight_decay': 0.0005}}
lr_scheduler: None
nEpochs: 1
start_epoch: 0
save_epoch: 1
rec_iter: 100
logdir: ./logs
manualSeed: 1024
save_ckpt: True
save_feat: True
loss_func: cross_entropy
losstype: None
metric_scoring: auc
cuda: True
cudnn: True
mode: train
lmdb: True
dry_run: False
rgb_dir: ./datasets/rgb
lmdb_dir: ./datasets/lmdb
dataset_json_folder: preprocessing/dataset_json
SWA: False
save_avg: True
label_dict: {'DFD_fake': 1, 'DFD_real': 0, 'FF-SH': 1, 'FF-F2F': 1, 'FF-DF': 1, 'FF-FS': 1, 'FF-NT': 1, 'FF-FH': 1, 'FF-real': 0, 'CelebDFv1_real': 0, 'CelebDFv1_fake': 1, 'CelebDFv2_real': 0, 'CelebDFv2_fake': 1, 'DFDCP_Real': 0, 'DFDCP_FakeA': 1, 'DFDCP_FakeB': 1, 'DFDC_Fake': 1, 'DFDC_Real': 0, 'DF_fake': 1, 'DF_real': 0, 'UADFV_Fake': 1, 'UADFV_Real': 0, 'roop_Real': 0, 'roop_Fake': 1}
local_rank: 0
ddp: False

2025-12-04 21:12:27,771 - INFO - Load pretrained model successfully!
2025-12-04 21:12:27,850 - INFO - ===> Epoch[0] start!
2025-12-04 21:12:27,871 - INFO - data_dict saved to ./logs/training/xception_2025-12-04-21-12-26\train\FaceForensics++\data_dict_train.pickle
2025-12-04 21:12:34,133 - INFO - Iter: 0    training-loss, overall: 0.7213131189346313    training-loss, cls: 0.7213131189346313    
2025-12-04 21:12:34,145 - INFO - Iter: 0    training-metric, acc: 0.28125    training-metric, auc: 0.578125    training-metric, eer: 0.375    training-metric, ap: 0.9053002040017828    
2025-12-04 21:15:27,042 - INFO - Iter: 300    training-loss, overall: 0.3655183017253876    training-loss, cls: 0.3655183017253876    
2025-12-04 21:15:27,043 - INFO - Iter: 300    training-metric, acc: 0.8405729166666667    training-metric, auc: 0.8298016474959666    training-metric, eer: 0.2437693236559339    training-metric, ap: 0.9474678866490003    
2025-12-04 21:18:07,493 - INFO - Iter: 600    training-loss, overall: 0.257711261510849    training-loss, cls: 0.257711261510849    
2025-12-04 21:18:07,494 - INFO - Iter: 600    training-metric, acc: 0.8894791666666667    training-metric, auc: 0.9346616379044816    training-metric, eer: 0.14148928815995399    training-metric, ap: 0.9821485283150216    
2025-12-04 21:20:47,181 - INFO - Iter: 900    training-loss, overall: 0.21697598695755005    training-loss, cls: 0.21697598695755005    
2025-12-04 21:20:47,181 - INFO - Iter: 900    training-metric, acc: 0.9094270833333333    training-metric, auc: 0.9567885903085825    training-metric, eer: 0.11182590783829174    training-metric, ap: 0.9885174413769577    
2025-12-04 21:23:26,883 - INFO - Iter: 1200    training-loss, overall: 0.19496704638004303    training-loss, cls: 0.19496704638004303    
2025-12-04 21:23:26,883 - INFO - Iter: 1200    training-metric, acc: 0.9199479166666666    training-metric, auc: 0.9646231683371868    training-metric, eer: 0.09425146949140753    training-metric, ap: 0.9908892413486694    
2025-12-04 21:26:07,166 - INFO - Iter: 1500    training-loss, overall: 0.17885816097259521    training-loss, cls: 0.17885816097259521    
2025-12-04 21:26:07,167 - INFO - Iter: 1500    training-metric, acc: 0.9265104166666667    training-metric, auc: 0.971595672586711    training-metric, eer: 0.08530274141922743    training-metric, ap: 0.9925170509571065    
2025-12-04 21:28:45,802 - INFO - ===> Test start!
2025-12-04 21:28:45,804 - INFO - data_dict saved to ./logs/training/xception_2025-12-04-21-12-26\test\FaceForensics++\data_dict_test.pickle
2025-12-04 21:29:05,763 - INFO - Metrics saved to ./logs/training/xception_2025-12-04-21-12-26\test\FaceForensics++\metric_dict_best.pickle
2025-12-04 21:29:05,768 - INFO - dataset: FaceForensics++    step: 1795    testing-loss, overall: 0.29056626558303833    testing-loss, cls: 0.29056626558303833    
2025-12-04 21:29:05,776 - INFO - dataset: FaceForensics++    step: 1795    testing-metric, acc: 0.8908928571428572    testing-metric, auc: 0.9648012994260203    testing-metric, eer: 0.09375    testing-metric, ap: 0.9912797621408462    testing-metric, video_auc: 0.9823979591836735    testing-metric, acc_real:0.53125; acc_fake:0.9808035714285714
2025-12-04 21:29:05,783 - INFO - data_dict saved to ./logs/training/xception_2025-12-04-21-12-26\test\DeepFakeDetection\data_dict_test.pickle
