2025-12-03 18:57:41,344 - INFO - Save log to ./logs/training/xception_2025-12-03-18-57-41
2025-12-03 18:57:41,344 - INFO - --------------- Configuration ---------------
2025-12-03 18:57:41,344 - INFO - Parameters: 
log_dir: ./logs/training/
pretrained: ./training/pretrained/xception-b5690688.pth
model_name: xception
backbone_name: xception
backbone_config: {'mode': 'original', 'num_classes': 2, 'inc': 3, 'dropout': False}
all_dataset: ['FaceForensics++', 'FF-F2F', 'FF-DF', 'FF-FS', 'FF-NT', 'FaceShifter', 'DeepFakeDetection', 'Celeb-DF-v1', 'Celeb-DF-v2', 'DFDCP', 'DFDC', 'DeeperForensics-1.0', 'UADFV']
train_dataset: ['FaceForensics++']
test_dataset: ['FaceForensics++', 'DeepFakeDetection']
compression: c23
train_batchSize: 64
test_batchSize: 32
workers: 0
frame_num: {'train': 32, 'test': 32}
resolution: 256
with_mask: False
with_landmark: False
use_data_augmentation: True
data_aug: {'flip_prob': 0.5, 'rotate_prob': 0.0, 'rotate_limit': [-10, 10], 'blur_prob': 0.5, 'blur_limit': [3, 7], 'brightness_prob': 0.5, 'brightness_limit': [-0.1, 0.1], 'contrast_limit': [-0.1, 0.1], 'quality_lower': 40, 'quality_upper': 100}
mean: [0.5, 0.5, 0.5]
std: [0.5, 0.5, 0.5]
optimizer: {'type': 'adam', 'adam': {'lr': 0.0002, 'beta1': 0.9, 'beta2': 0.999, 'eps': 1e-08, 'weight_decay': 0.0005, 'amsgrad': False}, 'sgd': {'lr': 0.0002, 'momentum': 0.9, 'weight_decay': 0.0005}}
lr_scheduler: None
nEpochs: 10
start_epoch: 0
save_epoch: 1
rec_iter: 100
logdir: ./logs
manualSeed: 1024
save_ckpt: True
save_feat: True
loss_func: cross_entropy
losstype: None
metric_scoring: auc
cuda: True
cudnn: True
mode: train
lmdb: True
dry_run: False
rgb_dir: ./datasets/rgb
lmdb_dir: ./datasets/lmdb
dataset_json_folder: preprocessing/dataset_json
SWA: False
save_avg: True
label_dict: {'DFD_fake': 1, 'DFD_real': 0, 'FF-SH': 1, 'FF-F2F': 1, 'FF-DF': 1, 'FF-FS': 1, 'FF-NT': 1, 'FF-FH': 1, 'FF-real': 0, 'CelebDFv1_real': 0, 'CelebDFv1_fake': 1, 'CelebDFv2_real': 0, 'CelebDFv2_fake': 1, 'DFDCP_Real': 0, 'DFDCP_FakeA': 1, 'DFDCP_FakeB': 1, 'DFDC_Fake': 1, 'DFDC_Real': 0, 'DF_fake': 1, 'DF_real': 0, 'UADFV_Fake': 1, 'UADFV_Real': 0, 'roop_Real': 0, 'roop_Fake': 1}
local_rank: 0
ddp: False

2025-12-03 18:57:42,551 - INFO - Load pretrained model successfully!
2025-12-03 18:57:42,651 - INFO - ===> Epoch[0] start!
2025-12-03 18:57:42,671 - INFO - data_dict saved to ./logs/training/xception_2025-12-03-18-57-41\train\FaceForensics++\data_dict_train.pickle
2025-12-03 18:57:49,864 - INFO - Iter: 0    training-loss, overall: 0.7224979400634766    training-loss, cls: 0.7224979400634766    
2025-12-03 18:57:49,870 - INFO - Iter: 0    training-metric, acc: 0.3125    training-metric, auc: 0.5580357142857142    training-metric, eer: 0.5    training-metric, ap: 0.9077526629246715    
2025-12-03 19:00:35,225 - INFO - Iter: 300    training-loss, overall: 0.367306649684906    training-loss, cls: 0.367306649684906    
2025-12-03 19:00:35,225 - INFO - Iter: 300    training-metric, acc: 0.8381770833333333    training-metric, auc: 0.8262934125309213    training-metric, eer: 0.23932196585950496    training-metric, ap: 0.9458293490667268    
2025-12-03 19:03:19,785 - INFO - Iter: 600    training-loss, overall: 0.2567483186721802    training-loss, cls: 0.2567483186721802    
2025-12-03 19:03:19,785 - INFO - Iter: 600    training-metric, acc: 0.8904166666666666    training-metric, auc: 0.9371063696054446    training-metric, eer: 0.13530728994660887    training-metric, ap: 0.9826829804362736    
2025-12-03 19:06:00,857 - INFO - Iter: 900    training-loss, overall: 0.22045153379440308    training-loss, cls: 0.22045153379440308    
2025-12-03 19:06:00,858 - INFO - Iter: 900    training-metric, acc: 0.9077083333333333    training-metric, auc: 0.9549581291113    training-metric, eer: 0.11326219955941316    training-metric, ap: 0.9877675543606301    
2025-12-03 19:08:41,291 - INFO - Iter: 1200    training-loss, overall: 0.19129826128482819    training-loss, cls: 0.19129826128482819    
2025-12-03 19:08:41,291 - INFO - Iter: 1200    training-metric, acc: 0.919375    training-metric, auc: 0.9671807701087606    training-metric, eer: 0.08567161844290322    training-metric, ap: 0.9915896091124883    
2025-12-03 19:11:21,811 - INFO - Iter: 1500    training-loss, overall: 0.1811988204717636    training-loss, cls: 0.1811988204717636    
2025-12-03 19:11:21,812 - INFO - Iter: 1500    training-metric, acc: 0.9251041666666666    training-metric, auc: 0.9708047951513722    training-metric, eer: 0.09070747515871348    training-metric, ap: 0.9922794719219339    
2025-12-03 19:13:58,032 - INFO - ===> Test start!
2025-12-03 19:13:58,039 - INFO - data_dict saved to ./logs/training/xception_2025-12-03-18-57-41\test\FaceForensics++\data_dict_test.pickle
2025-12-03 19:15:12,011 - INFO - Metrics saved to ./logs/training/xception_2025-12-03-18-57-41\test\FaceForensics++\metric_dict_best.pickle
2025-12-03 19:15:12,018 - INFO - dataset: FaceForensics++    step: 1795    testing-loss, overall: 0.21583746373653412    testing-loss, cls: 0.21583746373653412    
2025-12-03 19:15:12,027 - INFO - dataset: FaceForensics++    step: 1795    testing-metric, acc: 0.927461139896373    testing-metric, auc: 0.969712873663063    testing-metric, eer: 0.08439383791024782    testing-metric, ap: 0.9925576636192175    testing-metric, video_auc: 0.9962755102040817    testing-metric, acc_real:0.8124581379772271; acc_fake:0.9562231280361829
2025-12-03 19:15:12,053 - INFO - data_dict saved to ./logs/training/xception_2025-12-03-18-57-41\test\DeepFakeDetection\data_dict_test.pickle
