2025-12-19 18:42:54,379 - INFO - Save log to ./logs/training/clip_adapter_2025-12-19-18-42-54
2025-12-19 18:42:54,379 - INFO - --------------- Configuration ---------------
2025-12-19 18:42:54,379 - INFO - Parameters: 
log_dir: ./logs/training/
model_name: clip_adapter
backbone_name: vit
backbone_config: {'mode': 'ln_tuning', 'num_classes': 2, 'inc': 3, 'dropout': False}
all_dataset: ['FaceForensics++', 'FF-F2F', 'FF-DF', 'FF-FS', 'FF-NT', 'FaceShifter', 'DeepFakeDetection', 'Celeb-DF-v1', 'Celeb-DF-v2', 'DFDCP', 'DFDC', 'DeeperForensics-1.0', 'UADFV']
train_dataset: ['FaceForensics++']
test_dataset: ['FaceForensics++', 'Celeb-DF-v2']
compression: c23
train_batchSize: 128
test_batchSize: 128
workers: 0
frame_num: {'train': 32, 'test': 32}
resolution: 224
with_mask: False
with_landmark: False
use_data_augmentation: True
data_aug: {'flip_prob': 0.5, 'rotate_prob': 0.5, 'rotate_limit': [-10, 10], 'blur_prob': 0.5, 'blur_limit': [3, 7], 'brightness_prob': 0.5, 'brightness_limit': [-0.1, 0.1], 'contrast_limit': [-0.1, 0.1], 'quality_lower': 40, 'quality_upper': 100, 'use_slerp': False, 'slerp_prob': 0.0}
mean: [0.5, 0.5, 0.5]
std: [0.5, 0.5, 0.5]
optimizer: {'type': 'adam', 'adam': {'lr': 0.0002, 'beta1': 0.9, 'beta2': 0.999, 'eps': 1e-08, 'weight_decay': 0.0005, 'amsgrad': False}, 'sgd': {'lr': 0.0002, 'momentum': 0.9, 'weight_decay': 0.0005}}
lr_scheduler: cosine
lr_T_max: 10
lr_eta_min: 1e-07
nEpochs: 10
start_epoch: 0
save_epoch: 1
rec_iter: 100
logdir: ./logs
manualSeed: 1024
save_ckpt: True
save_feat: False
modules: {'use_freq_adapter': True, 'use_boundary_mining': True, 'use_identity_invariant': True}
loss_func: cross_entropy
aux_losses: {'use_angle': False, 'angle_weight': 0.1, 'use_alignment': False, 'alignment_weight': 0.1, 'use_freq_consistency': False, 'freq_consistency_weight': 0.1, 'use_adversarial_identity': True, 'adversarial_identity_weight': 0.1, 'id_dim': 128, 'adv_lambda': 1.0}
metric_scoring: auc
cuda: True
cudnn: True
mode: train
lmdb: True
dry_run: False
rgb_dir: ./datasets/rgb
lmdb_dir: ./datasets/lmdb
dataset_json_folder: preprocessing/dataset_json
SWA: False
save_avg: True
label_dict: {'DFD_fake': 1, 'DFD_real': 0, 'FF-SH': 1, 'FF-F2F': 1, 'FF-DF': 1, 'FF-FS': 1, 'FF-NT': 1, 'FF-FH': 1, 'FF-real': 0, 'CelebDFv1_real': 0, 'CelebDFv1_fake': 1, 'CelebDFv2_real': 0, 'CelebDFv2_fake': 1, 'DFDCP_Real': 0, 'DFDCP_FakeA': 1, 'DFDCP_FakeB': 1, 'DFDC_Fake': 1, 'DFDC_Real': 0, 'DF_fake': 1, 'DF_real': 0, 'UADFV_Fake': 1, 'UADFV_Real': 0, 'roop_Real': 0, 'roop_Fake': 1, 'times_per_epoch': 1}
local_rank: 0
ddp: False

2025-12-19 18:43:00,213 - INFO - ===> Epoch[0] start!
2025-12-19 18:43:00,239 - INFO - data_dict saved to ./logs/training/clip_adapter_2025-12-19-18-42-54\train\FaceForensics++\data_dict_train.pickle
2025-12-19 18:43:04,550 - INFO - Iter: 0    training-loss, overall: 0.5659354329109192    
2025-12-19 18:43:04,556 - INFO - Iter: 0    training-metric, acc: 0.859375    training-metric, auc: 0.5424242424242425    training-metric, eer: 0.5    training-metric, ap: 0.893873295234068    
2025-12-19 18:47:44,257 - INFO - Iter: 300    training-loss, overall: tensor([0.5134], device='cuda:0', grad_fn=<DivBackward0>)    training-loss, adversarial_identity_loss: tensor([0.0135], device='cuda:0', grad_fn=<DivBackward0>)    
2025-12-19 18:47:44,257 - INFO - Iter: 300    training-metric, acc: 0.7998697916666667    training-metric, auc: 0.5414156215798276    training-metric, eer: 0.47054656702890424    training-metric, ap: 0.8258461395375026    
2025-12-19 18:52:34,157 - INFO - Iter: 600    training-loss, overall: tensor([0.5082], device='cuda:0', grad_fn=<DivBackward0>)    training-loss, adversarial_identity_loss: tensor([0.0127], device='cuda:0', grad_fn=<DivBackward0>)    
2025-12-19 18:52:34,158 - INFO - Iter: 600    training-metric, acc: 0.7992708333333334    training-metric, auc: 0.6093754007580023    training-metric, eer: 0.42356642394100014    training-metric, ap: 0.8607922347865902    
2025-12-19 18:57:53,928 - INFO - ===> Test start!
2025-12-19 18:57:53,934 - INFO - data_dict saved to ./logs/training/clip_adapter_2025-12-19-18-42-54\test\FaceForensics++\data_dict_test.pickle
2025-12-19 18:59:51,272 - INFO - Metrics saved to ./logs/training/clip_adapter_2025-12-19-18-42-54\test\FaceForensics++\metric_dict_best.pickle
2025-12-19 18:59:51,278 - INFO - dataset: FaceForensics++    step: 897    testing-loss, overall: tensor([0.5021], device='cuda:0')    testing-loss, adversarial_identity_loss: tensor([0.0124], device='cuda:0')    
2025-12-19 18:59:51,286 - INFO - dataset: FaceForensics++    step: 897    testing-metric, acc: 0.7999374664999107    testing-metric, auc: 0.6659160035470435    testing-metric, eer: 0.38580040187541864    testing-metric, ap: 0.8854720016290929    testing-metric, video_auc: 0.6885714285714284    testing-metric, acc_real:0.0; acc_fake:1.0
2025-12-19 18:59:51,290 - INFO - data_dict saved to ./logs/training/clip_adapter_2025-12-19-18-42-54\test\Celeb-DF-v2\data_dict_test.pickle
