2025-12-19 19:10:12,577 - INFO - Save log to ./logs/training/clip_adapter_2025-12-19-19-10-12
2025-12-19 19:10:12,577 - INFO - --------------- Configuration ---------------
2025-12-19 19:10:12,577 - INFO - Parameters: 
log_dir: ./logs/training/
model_name: clip_adapter
backbone_name: vit
backbone_config: {'mode': 'ln_tuning', 'num_classes': 2, 'inc': 3, 'dropout': False}
all_dataset: ['FaceForensics++', 'FF-F2F', 'FF-DF', 'FF-FS', 'FF-NT', 'FaceShifter', 'DeepFakeDetection', 'Celeb-DF-v1', 'Celeb-DF-v2', 'DFDCP', 'DFDC', 'DeeperForensics-1.0', 'UADFV']
train_dataset: ['FaceForensics++']
test_dataset: ['FaceForensics++', 'Celeb-DF-v2']
compression: c23
train_batchSize: 128
test_batchSize: 128
workers: 0
frame_num: {'train': 32, 'test': 32}
resolution: 224
with_mask: False
with_landmark: False
use_data_augmentation: True
data_aug: {'flip_prob': 0.5, 'rotate_prob': 0.5, 'rotate_limit': [-10, 10], 'blur_prob': 0.5, 'blur_limit': [3, 7], 'brightness_prob': 0.5, 'brightness_limit': [-0.1, 0.1], 'contrast_limit': [-0.1, 0.1], 'quality_lower': 40, 'quality_upper': 100, 'use_slerp': False, 'slerp_prob': 0.0}
mean: [0.5, 0.5, 0.5]
std: [0.5, 0.5, 0.5]
optimizer: {'type': 'adam', 'adam': {'lr': 0.0002, 'beta1': 0.9, 'beta2': 0.999, 'eps': 1e-08, 'weight_decay': 0.0005, 'amsgrad': False}, 'sgd': {'lr': 0.0002, 'momentum': 0.9, 'weight_decay': 0.0005}}
lr_scheduler: cosine
lr_T_max: 10
lr_eta_min: 1e-07
nEpochs: 10
start_epoch: 0
save_epoch: 1
rec_iter: 100
logdir: ./logs
manualSeed: 1024
save_ckpt: True
save_feat: False
modules: {'use_freq_adapter': True, 'use_boundary_mining': True, 'use_identity_invariant': True}
loss_func: cross_entropy
aux_losses: {'use_angle': False, 'angle_weight': 0.1, 'use_alignment': False, 'alignment_weight': 0.1, 'use_freq_consistency': False, 'freq_consistency_weight': 0.1, 'use_adversarial_identity': False, 'adversarial_identity_weight': 0.01, 'id_dim': 128, 'adv_lambda': 0.1}
metric_scoring: auc
cuda: True
cudnn: True
mode: train
lmdb: True
dry_run: False
rgb_dir: ./datasets/rgb
lmdb_dir: ./datasets/lmdb
dataset_json_folder: preprocessing/dataset_json
SWA: False
save_avg: True
label_dict: {'DFD_fake': 1, 'DFD_real': 0, 'FF-SH': 1, 'FF-F2F': 1, 'FF-DF': 1, 'FF-FS': 1, 'FF-NT': 1, 'FF-FH': 1, 'FF-real': 0, 'CelebDFv1_real': 0, 'CelebDFv1_fake': 1, 'CelebDFv2_real': 0, 'CelebDFv2_fake': 1, 'DFDCP_Real': 0, 'DFDCP_FakeA': 1, 'DFDCP_FakeB': 1, 'DFDC_Fake': 1, 'DFDC_Real': 0, 'DF_fake': 1, 'DF_real': 0, 'UADFV_Fake': 1, 'UADFV_Real': 0, 'roop_Real': 0, 'roop_Fake': 1, 'times_per_epoch': 1}
local_rank: 0
ddp: False

2025-12-19 19:10:18,927 - INFO - ===> Epoch[0] start!
2025-12-19 19:10:18,953 - INFO - data_dict saved to ./logs/training/clip_adapter_2025-12-19-19-10-12\train\FaceForensics++\data_dict_train.pickle
2025-12-19 19:10:23,208 - INFO - Iter: 0    training-loss, overall: 0.5663143992424011    
2025-12-19 19:10:23,216 - INFO - Iter: 0    training-metric, acc: 0.859375    training-metric, auc: 0.5611111111111112    training-metric, eer: 0.4444444444444444    training-metric, ap: 0.8899052984469245    
2025-12-19 19:15:31,604 - INFO - Iter: 300    training-loss, overall: 0.5012646317481995    
2025-12-19 19:15:31,604 - INFO - Iter: 300    training-metric, acc: 0.7998958333333334    training-metric, auc: 0.5432421696075447    training-metric, eer: 0.470465449681244    training-metric, ap: 0.8267991015730395    
2025-12-19 19:21:39,610 - INFO - Iter: 600    training-loss, overall: 0.4968487024307251    
2025-12-19 19:21:39,612 - INFO - Iter: 600    training-metric, acc: 0.7992708333333334    training-metric, auc: 0.611296128628264    training-metric, eer: 0.4167388064832544    training-metric, ap: 0.8618049175533874    
2025-12-19 19:26:05,099 - INFO - ===> Test start!
2025-12-19 19:26:05,106 - INFO - data_dict saved to ./logs/training/clip_adapter_2025-12-19-19-10-12\test\FaceForensics++\data_dict_test.pickle
2025-12-19 19:28:11,698 - INFO - Metrics saved to ./logs/training/clip_adapter_2025-12-19-19-10-12\test\FaceForensics++\metric_dict_best.pickle
2025-12-19 19:28:11,702 - INFO - dataset: FaceForensics++    step: 897    testing-loss, overall: 0.48945531249046326    
2025-12-19 19:28:11,711 - INFO - dataset: FaceForensics++    step: 897    testing-metric, acc: 0.7999374664999107    testing-metric, auc: 0.6661066052083833    testing-metric, eer: 0.3844608171466845    testing-metric, ap: 0.8854409774747267    testing-metric, video_auc: 0.6892857142857143    testing-metric, acc_real:0.0; acc_fake:1.0
2025-12-19 19:28:11,718 - INFO - data_dict saved to ./logs/training/clip_adapter_2025-12-19-19-10-12\test\Celeb-DF-v2\data_dict_test.pickle
2025-12-19 19:29:57,611 - INFO - Checkpoint saved to ./logs/training/clip_adapter_2025-12-19-19-10-12\test\Celeb-DF-v2\ckpt_best.pth, current ckpt is 0+897
2025-12-19 19:29:57,613 - INFO - Metrics saved to ./logs/training/clip_adapter_2025-12-19-19-10-12\test\Celeb-DF-v2\metric_dict_best.pickle
2025-12-19 19:29:57,617 - INFO - dataset: Celeb-DF-v2    step: 897    testing-loss, overall: 0.679625928401947    
2025-12-19 19:29:57,631 - INFO - dataset: Celeb-DF-v2    step: 897    testing-metric, acc: 0.6577344701583435    testing-metric, auc: 0.6075801041254778    testing-metric, eer: 0.42330960854092525    testing-metric, ap: 0.7246391100077891    testing-metric, video_auc: 0.6201751487111699    testing-metric, acc_real:0.0; acc_fake:1.0
2025-12-19 19:29:58,920 - INFO - Checkpoint saved to ./logs/training/clip_adapter_2025-12-19-19-10-12\test\avg\ckpt_best.pth, current ckpt is 0+897
2025-12-19 19:29:58,922 - INFO - Metrics saved to ./logs/training/clip_adapter_2025-12-19-19-10-12\test\avg\metric_dict_best.pickle
2025-12-19 19:29:58,937 - INFO - dataset: avg    step: 897    testing-metric, acc: 0.7288359683291271    testing-metric, auc: 0.6368433546669305    testing-metric, eer: 0.40388521284380485    testing-metric, ap: 0.8050400437412579    testing-metric, video_auc: 0.6547304314984421    
2025-12-19 19:29:58,937 - INFO - ===> Test Done!
2025-12-19 19:29:58,952 - INFO - ===> Epoch[0] end with testing auc: 
================================ Each dataset best metric ================================ 
| FaceForensics++:  auc=0.6661066052083833 | 
| Celeb-DF-v2:  auc=0.6075801041254778 | 
============================================================================================= 
================================== Average best metric ====================================== 
| avg auc: 0.6368433546669305 | 
| FaceForensics++: 0.6661066052083833 | 
| Celeb-DF-v2: 0.6075801041254778 | 
=============================================================================================!
2025-12-19 19:29:58,952 - INFO - ===> Epoch[1] start!
2025-12-19 19:29:58,996 - INFO - data_dict saved to ./logs/training/clip_adapter_2025-12-19-19-10-12\train\FaceForensics++\data_dict_train.pickle
2025-12-19 19:30:00,259 - INFO - Iter: 898    training-loss, overall: 0.47009405493736267    
2025-12-19 19:30:00,260 - INFO - Iter: 898    training-metric, acc: 0.8125    training-metric, auc: 0.7391826923076923    training-metric, eer: 0.3333333333333333    training-metric, ap: 0.9190280997898135    
