2025-12-04 19:23:23,373 - INFO - Save log to ./logs/training/xception_2025-12-04-19-23-23
2025-12-04 19:23:23,373 - INFO - --------------- Configuration ---------------
2025-12-04 19:23:23,374 - INFO - Parameters: 
log_dir: ./logs/training/
pretrained: ./training/pretrained/xception-b5690688.pth
model_name: xception
backbone_name: xception
backbone_config: {'mode': 'original', 'num_classes': 2, 'inc': 3, 'dropout': False}
all_dataset: ['FaceForensics++', 'FF-F2F', 'FF-DF', 'FF-FS', 'FF-NT', 'FaceShifter', 'DeepFakeDetection', 'Celeb-DF-v1', 'Celeb-DF-v2', 'DFDCP', 'DFDC', 'DeeperForensics-1.0', 'UADFV']
train_dataset: ['FaceForensics++']
test_dataset: ['FaceForensics++', 'DeepFakeDetection']
compression: c23
train_batchSize: 64
test_batchSize: 8
workers: 0
frame_num: {'train': 32, 'test': 8}
resolution: 256
with_mask: False
with_landmark: False
use_data_augmentation: True
data_aug: {'flip_prob': 0.5, 'rotate_prob': 0.0, 'rotate_limit': [-10, 10], 'blur_prob': 0.5, 'blur_limit': [3, 7], 'brightness_prob': 0.5, 'brightness_limit': [-0.1, 0.1], 'contrast_limit': [-0.1, 0.1], 'quality_lower': 40, 'quality_upper': 100}
mean: [0.5, 0.5, 0.5]
std: [0.5, 0.5, 0.5]
optimizer: {'type': 'adam', 'adam': {'lr': 0.0002, 'beta1': 0.9, 'beta2': 0.999, 'eps': 1e-08, 'weight_decay': 0.0005, 'amsgrad': False}, 'sgd': {'lr': 0.0002, 'momentum': 0.9, 'weight_decay': 0.0005}}
lr_scheduler: None
nEpochs: 1
start_epoch: 0
save_epoch: 1
rec_iter: 100
logdir: ./logs
manualSeed: 1024
save_ckpt: True
save_feat: True
loss_func: cross_entropy
losstype: None
metric_scoring: auc
cuda: True
cudnn: True
mode: train
lmdb: True
dry_run: False
rgb_dir: ./datasets/rgb
lmdb_dir: ./datasets/lmdb
dataset_json_folder: preprocessing/dataset_json
SWA: False
save_avg: True
label_dict: {'DFD_fake': 1, 'DFD_real': 0, 'FF-SH': 1, 'FF-F2F': 1, 'FF-DF': 1, 'FF-FS': 1, 'FF-NT': 1, 'FF-FH': 1, 'FF-real': 0, 'CelebDFv1_real': 0, 'CelebDFv1_fake': 1, 'CelebDFv2_real': 0, 'CelebDFv2_fake': 1, 'DFDCP_Real': 0, 'DFDCP_FakeA': 1, 'DFDCP_FakeB': 1, 'DFDC_Fake': 1, 'DFDC_Real': 0, 'DF_fake': 1, 'DF_real': 0, 'UADFV_Fake': 1, 'UADFV_Real': 0, 'roop_Real': 0, 'roop_Fake': 1}
local_rank: 0
ddp: False

2025-12-04 19:23:24,453 - INFO - Load pretrained model successfully!
2025-12-04 19:23:24,563 - INFO - ===> Epoch[0] start!
2025-12-04 19:23:24,584 - INFO - data_dict saved to ./logs/training/xception_2025-12-04-19-23-23\train\FaceForensics++\data_dict_train.pickle
2025-12-04 19:23:32,204 - INFO - Iter: 0    training-loss, overall: 0.7205524444580078    training-loss, cls: 0.7205524444580078    
2025-12-04 19:23:32,209 - INFO - Iter: 0    training-metric, acc: 0.28125    training-metric, auc: 0.5870535714285714    training-metric, eer: 0.375    training-metric, ap: 0.9085026425532875    
2025-12-04 19:26:29,000 - INFO - Iter: 300    training-loss, overall: 0.3668621778488159    training-loss, cls: 0.3668621778488159    
2025-12-04 19:26:29,000 - INFO - Iter: 300    training-metric, acc: 0.8408854166666667    training-metric, auc: 0.8278240042481547    training-metric, eer: 0.24887825394133492    training-metric, ap: 0.946799717757441    
2025-12-04 19:29:18,754 - INFO - Iter: 600    training-loss, overall: 0.25764158368110657    training-loss, cls: 0.25764158368110657    
2025-12-04 19:29:18,755 - INFO - Iter: 600    training-metric, acc: 0.8896354166666667    training-metric, auc: 0.9339126416171291    training-metric, eer: 0.13994537822285522    training-metric, ap: 0.9821551774769556    
2025-12-04 19:31:59,339 - INFO - Iter: 900    training-loss, overall: 0.22129622101783752    training-loss, cls: 0.22129622101783752    
2025-12-04 19:31:59,339 - INFO - Iter: 900    training-metric, acc: 0.90671875    training-metric, auc: 0.9547213071417981    training-metric, eer: 0.11198990358626582    training-metric, ap: 0.9880042817911114    
2025-12-04 19:34:39,622 - INFO - Iter: 1200    training-loss, overall: 0.192991703748703    training-loss, cls: 0.192991703748703    
2025-12-04 19:34:39,622 - INFO - Iter: 1200    training-metric, acc: 0.9186458333333334    training-metric, auc: 0.9664277971727367    training-metric, eer: 0.0940840111327727    training-metric, ap: 0.9913956736316097    
2025-12-04 19:37:48,413 - INFO - Iter: 1500    training-loss, overall: 0.1820448487997055    training-loss, cls: 0.1820448487997055    
2025-12-04 19:37:48,414 - INFO - Iter: 1500    training-metric, acc: 0.9240625    training-metric, auc: 0.9704544229850323    training-metric, eer: 0.08577023777449468    training-metric, ap: 0.9922576558383137    
2025-12-04 19:41:40,505 - INFO - ===> Test start!
2025-12-04 19:41:40,508 - INFO - data_dict saved to ./logs/training/xception_2025-12-04-19-23-23\test\FaceForensics++\data_dict_test.pickle
2025-12-04 19:42:17,140 - INFO - Metrics saved to ./logs/training/xception_2025-12-04-19-23-23\test\FaceForensics++\metric_dict_best.pickle
2025-12-04 19:42:17,150 - INFO - dataset: FaceForensics++    step: 1795    testing-loss, overall: 0.19903522729873657    testing-loss, cls: 0.19903522729873657    
2025-12-04 19:42:17,170 - INFO - dataset: FaceForensics++    step: 1795    testing-metric, acc: 0.9217857142857143    testing-metric, auc: 0.9644029017857142    testing-metric, eer: 0.08660714285714285    testing-metric, ap: 0.9904797330965437    testing-metric, video_auc: 0.984234693877551    testing-metric, acc_real:0.7598214285714285; acc_fake:0.9622767857142858
2025-12-04 19:42:17,184 - INFO - data_dict saved to ./logs/training/xception_2025-12-04-19-23-23\test\DeepFakeDetection\data_dict_test.pickle
