2025-12-03 18:31:17,145 - INFO - Save log to ./logs/training/xception_2025-12-03-18-31-17
2025-12-03 18:31:17,145 - INFO - --------------- Configuration ---------------
2025-12-03 18:31:17,146 - INFO - Parameters: 
log_dir: ./logs/training/
pretrained: ./training/pretrained/xception-b5690688.pth
model_name: xception
backbone_name: xception
backbone_config: {'mode': 'original', 'num_classes': 2, 'inc': 3, 'dropout': False}
all_dataset: ['FaceForensics++', 'FF-F2F', 'FF-DF', 'FF-FS', 'FF-NT', 'FaceShifter', 'DeepFakeDetection', 'Celeb-DF-v1', 'Celeb-DF-v2', 'DFDCP', 'DFDC', 'DeeperForensics-1.0', 'UADFV']
train_dataset: ['FaceForensics++']
test_dataset: ['FaceForensics++', 'DeepFakeDetection']
compression: c23
train_batchSize: 64
test_batchSize: 32
workers: 0
frame_num: {'train': 32, 'test': 32}
resolution: 256
with_mask: False
with_landmark: False
use_data_augmentation: True
data_aug: {'flip_prob': 0.5, 'rotate_prob': 0.0, 'rotate_limit': [-10, 10], 'blur_prob': 0.5, 'blur_limit': [3, 7], 'brightness_prob': 0.5, 'brightness_limit': [-0.1, 0.1], 'contrast_limit': [-0.1, 0.1], 'quality_lower': 40, 'quality_upper': 100}
mean: [0.5, 0.5, 0.5]
std: [0.5, 0.5, 0.5]
optimizer: {'type': 'adam', 'adam': {'lr': 0.0002, 'beta1': 0.9, 'beta2': 0.999, 'eps': 1e-08, 'weight_decay': 0.0005, 'amsgrad': False}, 'sgd': {'lr': 0.0002, 'momentum': 0.9, 'weight_decay': 0.0005}}
lr_scheduler: None
nEpochs: 10
start_epoch: 0
save_epoch: 1
rec_iter: 100
logdir: ./logs
manualSeed: 1024
save_ckpt: True
save_feat: True
loss_func: cross_entropy
losstype: None
metric_scoring: auc
cuda: True
cudnn: True
mode: train
lmdb: True
dry_run: False
rgb_dir: ./datasets/rgb
lmdb_dir: ./datasets/lmdb
dataset_json_folder: preprocessing/dataset_json
SWA: False
save_avg: True
label_dict: {'DFD_fake': 1, 'DFD_real': 0, 'FF-SH': 1, 'FF-F2F': 1, 'FF-DF': 1, 'FF-FS': 1, 'FF-NT': 1, 'FF-FH': 1, 'FF-real': 0, 'CelebDFv1_real': 0, 'CelebDFv1_fake': 1, 'CelebDFv2_real': 0, 'CelebDFv2_fake': 1, 'DFDCP_Real': 0, 'DFDCP_FakeA': 1, 'DFDCP_FakeB': 1, 'DFDC_Fake': 1, 'DFDC_Real': 0, 'DF_fake': 1, 'DF_real': 0, 'UADFV_Fake': 1, 'UADFV_Real': 0, 'roop_Real': 0, 'roop_Fake': 1}
local_rank: 0
ddp: False

2025-12-03 18:31:18,349 - INFO - Load pretrained model successfully!
2025-12-03 18:31:18,443 - INFO - ===> Epoch[0] start!
2025-12-03 18:31:18,464 - INFO - data_dict saved to ./logs/training/xception_2025-12-03-18-31-17\train\FaceForensics++\data_dict_train.pickle
2025-12-03 18:31:25,040 - INFO - Iter: 0    training-loss, overall: 0.7224834561347961    training-loss, cls: 0.7224834561347961    
2025-12-03 18:31:25,046 - INFO - Iter: 0    training-metric, acc: 0.296875    training-metric, auc: 0.5424107142857142    training-metric, eer: 0.5    training-metric, ap: 0.9004314585806226    
2025-12-03 18:34:19,903 - INFO - Iter: 300    training-loss, overall: 0.3674277663230896    training-loss, cls: 0.3674277663230896    
2025-12-03 18:34:19,903 - INFO - Iter: 300    training-metric, acc: 0.83890625    training-metric, auc: 0.8262587743736131    training-metric, eer: 0.24438535412529278    training-metric, ap: 0.9457301475068349    
2025-12-03 18:37:15,990 - INFO - Iter: 600    training-loss, overall: 0.2543872594833374    training-loss, cls: 0.2543872594833374    
2025-12-03 18:37:15,991 - INFO - Iter: 600    training-metric, acc: 0.8897916666666666    training-metric, auc: 0.9378129574204417    training-metric, eer: 0.13519523825560995    training-metric, ap: 0.9830094215079878    
2025-12-03 18:40:09,193 - INFO - Iter: 900    training-loss, overall: 0.2172195017337799    training-loss, cls: 0.2172195017337799    
2025-12-03 18:40:09,194 - INFO - Iter: 900    training-metric, acc: 0.9115104166666667    training-metric, auc: 0.9570286256658295    training-metric, eer: 0.10705326844065235    training-metric, ap: 0.9880720291664202    
2025-12-03 18:42:58,710 - INFO - Iter: 1200    training-loss, overall: 0.18813876807689667    training-loss, cls: 0.18813876807689667    
2025-12-03 18:42:58,710 - INFO - Iter: 1200    training-metric, acc: 0.9219791666666667    training-metric, auc: 0.9678849574662377    training-metric, eer: 0.0905040275198944    training-metric, ap: 0.9918587650451072    
2025-12-03 18:45:42,810 - INFO - Iter: 1500    training-loss, overall: 0.17998716235160828    training-loss, cls: 0.17998716235160828    
2025-12-03 18:45:42,810 - INFO - Iter: 1500    training-metric, acc: 0.9260416666666667    training-metric, auc: 0.9711192213618036    training-metric, eer: 0.08340300232676387    training-metric, ap: 0.9922748101372149    
2025-12-03 18:48:20,053 - INFO - ===> Test start!
2025-12-03 18:48:20,059 - INFO - data_dict saved to ./logs/training/xception_2025-12-03-18-31-17\test\FaceForensics++\data_dict_test.pickle
2025-12-03 18:49:37,578 - INFO - Metrics saved to ./logs/training/xception_2025-12-03-18-31-17\test\FaceForensics++\metric_dict_best.pickle
2025-12-03 18:49:37,583 - INFO - dataset: FaceForensics++    step: 1795    testing-loss, overall: 0.31496626138687134    testing-loss, cls: 0.31496626138687134    
2025-12-03 18:49:37,592 - INFO - dataset: FaceForensics++    step: 1795    testing-metric, acc: 0.8817670180453815    testing-metric, auc: 0.9652673445423665    testing-metric, eer: 0.09220808216119669    testing-metric, ap: 0.9914134642832871    testing-metric, video_auc: 0.9858673469387755    testing-metric, acc_real:0.46014735432016074; acc_fake:0.9872131330615892
2025-12-03 18:49:37,618 - INFO - data_dict saved to ./logs/training/xception_2025-12-03-18-31-17\test\DeepFakeDetection\data_dict_test.pickle
